   1               		.file	"LEF.c"
   2               	__SP_H__ = 0x3e
   3               	__SP_L__ = 0x3d
   4               	__SREG__ = 0x3f
   5               	__tmp_reg__ = 0
   6               	__zero_reg__ = 1
   7               		.text
   8               	.Ltext0:
   9               		.cfi_sections	.debug_frame
  10               	.global	LEF_Init
  12               	LEF_Init:
  13               	.LFB6:
  14               		.file 1 "src/LEF/LEF.c"
   1:src/LEF/LEF.c **** /**
   2:src/LEF/LEF.c ****  * LEF - Lightweiht Event Framework
   3:src/LEF/LEF.c ****  *
   4:src/LEF/LEF.c ****  * This file is part of LEF distribution
   5:src/LEF/LEF.c ****  *
   6:src/LEF/LEF.c ****  *---------------------------------------------------------------------------
   7:src/LEF/LEF.c ****  * @brief   Main LEF file
   8:src/LEF/LEF.c ****  *
   9:src/LEF/LEF.c ****  * @file    LEF.c
  10:src/LEF/LEF.c ****  * @author  Your Name <your.name@yourdomain.org>
  11:src/LEF/LEF.c ****  * @date    2016-11-30
  12:src/LEF/LEF.c ****  * @licence GPLv2
  13:src/LEF/LEF.c ****  *
  14:src/LEF/LEF.c ****  *---------------------------------------------------------------------------
  15:src/LEF/LEF.c ****  *
  16:src/LEF/LEF.c ****  * LEF is distributed in the hope that it will be useful, but WITHOUT ANY
  17:src/LEF/LEF.c ****  * WARRANTY; without even the implied warranty of MERCHANTABILITY or FITNESS
  18:src/LEF/LEF.c ****  * FOR A PARTICULAR PURPOSE.  Full license text is available on the following
  19:src/LEF/LEF.c ****  *
  20:src/LEF/LEF.c ****  * https://github.com/zonbrisad/LEF
  21:src/LEF/LEF.c ****  *
  22:src/LEF/LEF.c ****  * 1 tab = 2 spaces
  23:src/LEF/LEF.c ****  */
  24:src/LEF/LEF.c **** 
  25:src/LEF/LEF.c **** // Includes ---------------------------------------------------------------
  26:src/LEF/LEF.c **** 
  27:src/LEF/LEF.c **** #include "LEF.h"
  28:src/LEF/LEF.c **** 
  29:src/LEF/LEF.c **** // Macros -----------------------------------------------------------------
  30:src/LEF/LEF.c **** 
  31:src/LEF/LEF.c **** // Variables --------------------------------------------------------------
  32:src/LEF/LEF.c **** 
  33:src/LEF/LEF.c **** // Prototypes -------------------------------------------------------------
  34:src/LEF/LEF.c **** 
  35:src/LEF/LEF.c **** // Code -------------------------------------------------------------------
  36:src/LEF/LEF.c **** 
  37:src/LEF/LEF.c **** void LEF_Init(void) {
  15               		.loc 1 37 0
  16               		.cfi_startproc
  17               	/* prologue: function */
  18               	/* frame size = 0 */
  19               	/* stack size = 0 */
  20               	.L__stack_usage = 0
  38:src/LEF/LEF.c **** 
  39:src/LEF/LEF.c **** 	// initiate LEF standard queue
  40:src/LEF/LEF.c **** 	LEF_QueueInit(&StdQueue);
  21               		.loc 1 40 0
  22 0000 80E0      		ldi r24,lo8(StdQueue)
  23 0002 90E0      		ldi r25,hi8(StdQueue)
  24 0004 0C94 0000 		jmp LEF_QueueInit
  25               	.LVL0:
  26               		.cfi_endproc
  27               	.LFE6:
  29               	.Letext0:
  30               		.file 2 "/usr/lib/avr/include/stdint.h"
  31               		.file 3 "src/LEF/LEF_Queue.h"
DEFINED SYMBOLS
                            *ABS*:0000000000000000 LEF.c
     /tmp/cceHxueO.s:2      *ABS*:000000000000003e __SP_H__
     /tmp/cceHxueO.s:3      *ABS*:000000000000003d __SP_L__
     /tmp/cceHxueO.s:4      *ABS*:000000000000003f __SREG__
     /tmp/cceHxueO.s:5      *ABS*:0000000000000000 __tmp_reg__
     /tmp/cceHxueO.s:6      *ABS*:0000000000000001 __zero_reg__
     /tmp/cceHxueO.s:12     .text:0000000000000000 LEF_Init

UNDEFINED SYMBOLS
StdQueue
LEF_QueueInit
